2025-07-26 05:39:46,757 - __main__ - ERROR - TELEGRAM_BOT_TOKEN environment variable not set
2025-07-26 05:40:40,177 - bot_handlers - INFO - Bot handlers setup complete
2025-07-26 05:40:40,177 - __main__ - INFO - Starting Telegram File Storage Bot...
2025-07-26 05:40:40,178 - __main__ - ERROR - Error starting bot: Cannot close a running event loop
2025-07-26 05:40:55,340 - bot_handlers - INFO - Bot handlers setup complete
2025-07-26 05:40:55,341 - __main__ - INFO - Starting Telegram File Storage Bot...
2025-07-26 05:40:55,690 - httpx - INFO - HTTP Request: POST https://api.telegram.org/bot8404951013:AAEY34XTvR-TXe0_Nc8XcDTltZukWnb_Qao/getMe "HTTP/1.1 200 OK"
2025-07-26 05:40:55,811 - httpx - INFO - HTTP Request: POST https://api.telegram.org/bot8404951013:AAEY34XTvR-TXe0_Nc8XcDTltZukWnb_Qao/deleteWebhook "HTTP/1.1 200 OK"
2025-07-26 05:40:55,813 - telegram.ext.Application - INFO - Application started
2025-07-26 05:41:06,149 - httpx - INFO - HTTP Request: POST https://api.telegram.org/bot8404951013:AAEY34XTvR-TXe0_Nc8XcDTltZukWnb_Qao/getUpdates "HTTP/1.1 200 OK"
2025-07-26 05:41:16,255 - httpx - INFO - HTTP Request: POST https://api.telegram.org/bot8404951013:AAEY34XTvR-TXe0_Nc8XcDTltZukWnb_Qao/getUpdates "HTTP/1.1 200 OK"
2025-07-26 05:41:26,362 - httpx - INFO - HTTP Request: POST https://api.telegram.org/bot8404951013:AAEY34XTvR-TXe0_Nc8XcDTltZukWnb_Qao/getUpdates "HTTP/1.1 200 OK"
2025-07-26 05:41:34,818 - httpx - INFO - HTTP Request: POST https://api.telegram.org/bot8404951013:AAEY34XTvR-TXe0_Nc8XcDTltZukWnb_Qao/getUpdates "HTTP/1.1 200 OK"
2025-07-26 05:41:35,326 - httpx - INFO - HTTP Request: POST https://api.telegram.org/bot8404951013:AAEY34XTvR-TXe0_Nc8XcDTltZukWnb_Qao/sendMessage "HTTP/1.1 200 OK"
2025-07-26 05:41:44,929 - httpx - INFO - HTTP Request: POST https://api.telegram.org/bot8404951013:AAEY34XTvR-TXe0_Nc8XcDTltZukWnb_Qao/getUpdates "HTTP/1.1 200 OK"
2025-07-26 05:41:53,919 - httpx - INFO - HTTP Request: POST https://api.telegram.org/bot8404951013:AAEY34XTvR-TXe0_Nc8XcDTltZukWnb_Qao/getUpdates "HTTP/1.1 200 OK"
2025-07-26 05:41:54,429 - httpx - INFO - HTTP Request: POST https://api.telegram.org/bot8404951013:AAEY34XTvR-TXe0_Nc8XcDTltZukWnb_Qao/sendMessage "HTTP/1.1 200 OK"
2025-07-26 05:42:03,216 - httpx - INFO - HTTP Request: POST https://api.telegram.org/bot8404951013:AAEY34XTvR-TXe0_Nc8XcDTltZukWnb_Qao/getUpdates "HTTP/1.1 200 OK"
2025-07-26 05:42:03,551 - httpx - INFO - HTTP Request: POST https://api.telegram.org/bot8404951013:AAEY34XTvR-TXe0_Nc8XcDTltZukWnb_Qao/sendMessage "HTTP/1.1 400 Bad Request"
2025-07-26 05:42:03,552 - bot_handlers - ERROR - Error handling file upload: Can't parse entities: can't find end of the entity starting at byte offset 30
2025-07-26 05:42:03,842 - httpx - INFO - HTTP Request: POST https://api.telegram.org/bot8404951013:AAEY34XTvR-TXe0_Nc8XcDTltZukWnb_Qao/sendMessage "HTTP/1.1 200 OK"
2025-07-26 05:42:13,332 - httpx - INFO - HTTP Request: POST https://api.telegram.org/bot8404951013:AAEY34XTvR-TXe0_Nc8XcDTltZukWnb_Qao/getUpdates "HTTP/1.1 200 OK"
2025-07-26 05:42:15,026 - httpx - INFO - HTTP Request: POST https://api.telegram.org/bot8404951013:AAEY34XTvR-TXe0_Nc8XcDTltZukWnb_Qao/getUpdates "HTTP/1.1 200 OK"
2025-07-26 05:42:15,550 - httpx - INFO - HTTP Request: POST https://api.telegram.org/bot8404951013:AAEY34XTvR-TXe0_Nc8XcDTltZukWnb_Qao/sendMessage "HTTP/1.1 200 OK"
2025-07-26 05:42:15,603 - database - INFO - Added file record: GeminiAssist (1).zip for user 6300568870
2025-07-26 05:42:15,887 - httpx - INFO - HTTP Request: POST https://api.telegram.org/bot8404951013:AAEY34XTvR-TXe0_Nc8XcDTltZukWnb_Qao/editMessageText "HTTP/1.1 200 OK"
2025-07-26 05:42:15,889 - bot_handlers - INFO - File uploaded successfully: GeminiAssist (1).zip by user 6300568870
2025-07-26 05:42:25,133 - httpx - INFO - HTTP Request: POST https://api.telegram.org/bot8404951013:AAEY34XTvR-TXe0_Nc8XcDTltZukWnb_Qao/getUpdates "HTTP/1.1 200 OK"
2025-07-26 05:42:29,683 - httpx - INFO - HTTP Request: POST https://api.telegram.org/bot8404951013:AAEY34XTvR-TXe0_Nc8XcDTltZukWnb_Qao/getUpdates "HTTP/1.1 200 OK"
2025-07-26 05:42:30,232 - httpx - INFO - HTTP Request: POST https://api.telegram.org/bot8404951013:AAEY34XTvR-TXe0_Nc8XcDTltZukWnb_Qao/sendMessage "HTTP/1.1 200 OK"
2025-07-26 05:42:39,791 - httpx - INFO - HTTP Request: POST https://api.telegram.org/bot8404951013:AAEY34XTvR-TXe0_Nc8XcDTltZukWnb_Qao/getUpdates "HTTP/1.1 200 OK"
2025-07-26 05:42:49,899 - httpx - INFO - HTTP Request: POST https://api.telegram.org/bot8404951013:AAEY34XTvR-TXe0_Nc8XcDTltZukWnb_Qao/getUpdates "HTTP/1.1 200 OK"
2025-07-26 05:43:00,008 - httpx - INFO - HTTP Request: POST https://api.telegram.org/bot8404951013:AAEY34XTvR-TXe0_Nc8XcDTltZukWnb_Qao/getUpdates "HTTP/1.1 200 OK"
2025-07-26 05:43:10,116 - httpx - INFO - HTTP Request: POST https://api.telegram.org/bot8404951013:AAEY34XTvR-TXe0_Nc8XcDTltZukWnb_Qao/getUpdates "HTTP/1.1 200 OK"
2025-07-26 05:43:20,224 - httpx - INFO - HTTP Request: POST https://api.telegram.org/bot8404951013:AAEY34XTvR-TXe0_Nc8XcDTltZukWnb_Qao/getUpdates "HTTP/1.1 200 OK"
2025-07-26 05:43:30,329 - httpx - INFO - HTTP Request: POST https://api.telegram.org/bot8404951013:AAEY34XTvR-TXe0_Nc8XcDTltZukWnb_Qao/getUpdates "HTTP/1.1 200 OK"
2025-07-26 05:43:40,441 - httpx - INFO - HTTP Request: POST https://api.telegram.org/bot8404951013:AAEY34XTvR-TXe0_Nc8XcDTltZukWnb_Qao/getUpdates "HTTP/1.1 200 OK"
2025-07-26 05:43:50,548 - httpx - INFO - HTTP Request: POST https://api.telegram.org/bot8404951013:AAEY34XTvR-TXe0_Nc8XcDTltZukWnb_Qao/getUpdates "HTTP/1.1 200 OK"
2025-07-26 05:44:00,661 - httpx - INFO - HTTP Request: POST https://api.telegram.org/bot8404951013:AAEY34XTvR-TXe0_Nc8XcDTltZukWnb_Qao/getUpdates "HTTP/1.1 200 OK"
2025-07-26 05:44:10,768 - httpx - INFO - HTTP Request: POST https://api.telegram.org/bot8404951013:AAEY34XTvR-TXe0_Nc8XcDTltZukWnb_Qao/getUpdates "HTTP/1.1 200 OK"
2025-07-26 05:44:20,874 - httpx - INFO - HTTP Request: POST https://api.telegram.org/bot8404951013:AAEY34XTvR-TXe0_Nc8XcDTltZukWnb_Qao/getUpdates "HTTP/1.1 200 OK"
2025-07-26 05:44:30,982 - httpx - INFO - HTTP Request: POST https://api.telegram.org/bot8404951013:AAEY34XTvR-TXe0_Nc8XcDTltZukWnb_Qao/getUpdates "HTTP/1.1 200 OK"
2025-07-26 05:44:41,089 - httpx - INFO - HTTP Request: POST https://api.telegram.org/bot8404951013:AAEY34XTvR-TXe0_Nc8XcDTltZukWnb_Qao/getUpdates "HTTP/1.1 200 OK"
2025-07-26 05:44:51,197 - httpx - INFO - HTTP Request: POST https://api.telegram.org/bot8404951013:AAEY34XTvR-TXe0_Nc8XcDTltZukWnb_Qao/getUpdates "HTTP/1.1 200 OK"
2025-07-26 05:45:01,303 - httpx - INFO - HTTP Request: POST https://api.telegram.org/bot8404951013:AAEY34XTvR-TXe0_Nc8XcDTltZukWnb_Qao/getUpdates "HTTP/1.1 200 OK"
2025-07-26 05:45:11,412 - httpx - INFO - HTTP Request: POST https://api.telegram.org/bot8404951013:AAEY34XTvR-TXe0_Nc8XcDTltZukWnb_Qao/getUpdates "HTTP/1.1 200 OK"
2025-07-26 05:45:21,519 - httpx - INFO - HTTP Request: POST https://api.telegram.org/bot8404951013:AAEY34XTvR-TXe0_Nc8XcDTltZukWnb_Qao/getUpdates "HTTP/1.1 200 OK"
2025-07-26 05:45:31,626 - httpx - INFO - HTTP Request: POST https://api.telegram.org/bot8404951013:AAEY34XTvR-TXe0_Nc8XcDTltZukWnb_Qao/getUpdates "HTTP/1.1 200 OK"
2025-07-26 05:45:36,998 - httpx - INFO - HTTP Request: POST https://api.telegram.org/bot8404951013:AAEY34XTvR-TXe0_Nc8XcDTltZukWnb_Qao/getUpdates "HTTP/1.1 200 OK"
2025-07-26 05:45:36,999 - telegram.ext.Application - INFO - Application is stopping. This might take a moment.
2025-07-26 05:45:36,999 - telegram.ext.Application - INFO - Application.stop() complete
2025-07-26 05:45:37,531 - bot_handlers - INFO - Bot handlers setup complete
2025-07-26 05:45:37,531 - __main__ - INFO - Starting Telegram File Storage Bot...
2025-07-26 05:45:37,853 - httpx - INFO - HTTP Request: POST https://api.telegram.org/bot8404951013:AAEY34XTvR-TXe0_Nc8XcDTltZukWnb_Qao/getMe "HTTP/1.1 200 OK"
2025-07-26 05:45:37,961 - httpx - INFO - HTTP Request: POST https://api.telegram.org/bot8404951013:AAEY34XTvR-TXe0_Nc8XcDTltZukWnb_Qao/deleteWebhook "HTTP/1.1 200 OK"
2025-07-26 05:45:37,963 - telegram.ext.Application - INFO - Application started
2025-07-26 05:45:48,276 - httpx - INFO - HTTP Request: POST https://api.telegram.org/bot8404951013:AAEY34XTvR-TXe0_Nc8XcDTltZukWnb_Qao/getUpdates "HTTP/1.1 200 OK"
2025-07-26 05:45:58,381 - httpx - INFO - HTTP Request: POST https://api.telegram.org/bot8404951013:AAEY34XTvR-TXe0_Nc8XcDTltZukWnb_Qao/getUpdates "HTTP/1.1 200 OK"
2025-07-26 05:46:08,488 - httpx - INFO - HTTP Request: POST https://api.telegram.org/bot8404951013:AAEY34XTvR-TXe0_Nc8XcDTltZukWnb_Qao/getUpdates "HTTP/1.1 200 OK"
2025-07-26 05:46:18,595 - httpx - INFO - HTTP Request: POST https://api.telegram.org/bot8404951013:AAEY34XTvR-TXe0_Nc8XcDTltZukWnb_Qao/getUpdates "HTTP/1.1 200 OK"
2025-07-26 05:46:28,701 - httpx - INFO - HTTP Request: POST https://api.telegram.org/bot8404951013:AAEY34XTvR-TXe0_Nc8XcDTltZukWnb_Qao/getUpdates "HTTP/1.1 200 OK"
2025-07-26 05:46:38,807 - httpx - INFO - HTTP Request: POST https://api.telegram.org/bot8404951013:AAEY34XTvR-TXe0_Nc8XcDTltZukWnb_Qao/getUpdates "HTTP/1.1 200 OK"
2025-07-26 05:46:48,912 - httpx - INFO - HTTP Request: POST https://api.telegram.org/bot8404951013:AAEY34XTvR-TXe0_Nc8XcDTltZukWnb_Qao/getUpdates "HTTP/1.1 200 OK"
2025-07-26 05:46:59,018 - httpx - INFO - HTTP Request: POST https://api.telegram.org/bot8404951013:AAEY34XTvR-TXe0_Nc8XcDTltZukWnb_Qao/getUpdates "HTTP/1.1 200 OK"
2025-07-26 05:47:09,136 - httpx - INFO - HTTP Request: POST https://api.telegram.org/bot8404951013:AAEY34XTvR-TXe0_Nc8XcDTltZukWnb_Qao/getUpdates "HTTP/1.1 200 OK"
2025-07-26 05:47:19,241 - httpx - INFO - HTTP Request: POST https://api.telegram.org/bot8404951013:AAEY34XTvR-TXe0_Nc8XcDTltZukWnb_Qao/getUpdates "HTTP/1.1 200 OK"
2025-07-26 05:47:29,347 - httpx - INFO - HTTP Request: POST https://api.telegram.org/bot8404951013:AAEY34XTvR-TXe0_Nc8XcDTltZukWnb_Qao/getUpdates "HTTP/1.1 200 OK"
2025-07-26 05:47:39,454 - httpx - INFO - HTTP Request: POST https://api.telegram.org/bot8404951013:AAEY34XTvR-TXe0_Nc8XcDTltZukWnb_Qao/getUpdates "HTTP/1.1 200 OK"
2025-07-26 05:47:49,559 - httpx - INFO - HTTP Request: POST https://api.telegram.org/bot8404951013:AAEY34XTvR-TXe0_Nc8XcDTltZukWnb_Qao/getUpdates "HTTP/1.1 200 OK"
2025-07-26 05:47:59,665 - httpx - INFO - HTTP Request: POST https://api.telegram.org/bot8404951013:AAEY34XTvR-TXe0_Nc8XcDTltZukWnb_Qao/getUpdates "HTTP/1.1 200 OK"
2025-07-26 05:48:09,771 - httpx - INFO - HTTP Request: POST https://api.telegram.org/bot8404951013:AAEY34XTvR-TXe0_Nc8XcDTltZukWnb_Qao/getUpdates "HTTP/1.1 200 OK"
2025-07-26 05:48:19,876 - httpx - INFO - HTTP Request: POST https://api.telegram.org/bot8404951013:AAEY34XTvR-TXe0_Nc8XcDTltZukWnb_Qao/getUpdates "HTTP/1.1 200 OK"
2025-07-26 05:48:29,983 - httpx - INFO - HTTP Request: POST https://api.telegram.org/bot8404951013:AAEY34XTvR-TXe0_Nc8XcDTltZukWnb_Qao/getUpdates "HTTP/1.1 200 OK"
2025-07-26 05:48:40,089 - httpx - INFO - HTTP Request: POST https://api.telegram.org/bot8404951013:AAEY34XTvR-TXe0_Nc8XcDTltZukWnb_Qao/getUpdates "HTTP/1.1 200 OK"
2025-07-26 05:48:48,677 - httpx - INFO - HTTP Request: POST https://api.telegram.org/bot8404951013:AAEY34XTvR-TXe0_Nc8XcDTltZukWnb_Qao/getUpdates "HTTP/1.1 200 OK"
2025-07-26 05:48:49,279 - httpx - INFO - HTTP Request: POST https://api.telegram.org/bot8404951013:AAEY34XTvR-TXe0_Nc8XcDTltZukWnb_Qao/sendMessage "HTTP/1.1 200 OK"
2025-07-26 05:48:55,577 - httpx - INFO - HTTP Request: POST https://api.telegram.org/bot8404951013:AAEY34XTvR-TXe0_Nc8XcDTltZukWnb_Qao/getUpdates "HTTP/1.1 200 OK"
2025-07-26 05:48:56,115 - httpx - INFO - HTTP Request: POST https://api.telegram.org/bot8404951013:AAEY34XTvR-TXe0_Nc8XcDTltZukWnb_Qao/sendMessage "HTTP/1.1 200 OK"
2025-07-26 05:49:05,683 - httpx - INFO - HTTP Request: POST https://api.telegram.org/bot8404951013:AAEY34XTvR-TXe0_Nc8XcDTltZukWnb_Qao/getUpdates "HTTP/1.1 200 OK"
2025-07-26 05:49:07,527 - httpx - INFO - HTTP Request: POST https://api.telegram.org/bot8404951013:AAEY34XTvR-TXe0_Nc8XcDTltZukWnb_Qao/getUpdates "HTTP/1.1 200 OK"
2025-07-26 05:49:07,843 - httpx - INFO - HTTP Request: POST https://api.telegram.org/bot8404951013:AAEY34XTvR-TXe0_Nc8XcDTltZukWnb_Qao/sendMessage "HTTP/1.1 400 Bad Request"
2025-07-26 05:49:07,844 - bot_handlers - ERROR - Error handling file upload: Can't parse entities: can't find end of the entity starting at byte offset 30
2025-07-26 05:49:08,296 - httpx - INFO - HTTP Request: POST https://api.telegram.org/bot8404951013:AAEY34XTvR-TXe0_Nc8XcDTltZukWnb_Qao/sendMessage "HTTP/1.1 200 OK"
2025-07-26 05:49:13,571 - httpx - INFO - HTTP Request: POST https://api.telegram.org/bot8404951013:AAEY34XTvR-TXe0_Nc8XcDTltZukWnb_Qao/getUpdates "HTTP/1.1 200 OK"
2025-07-26 05:49:14,177 - httpx - INFO - HTTP Request: POST https://api.telegram.org/bot8404951013:AAEY34XTvR-TXe0_Nc8XcDTltZukWnb_Qao/sendMessage "HTTP/1.1 200 OK"
2025-07-26 05:49:21,415 - httpx - INFO - HTTP Request: POST https://api.telegram.org/bot8404951013:AAEY34XTvR-TXe0_Nc8XcDTltZukWnb_Qao/getUpdates "HTTP/1.1 200 OK"
2025-07-26 05:49:21,975 - httpx - INFO - HTTP Request: POST https://api.telegram.org/bot8404951013:AAEY34XTvR-TXe0_Nc8XcDTltZukWnb_Qao/sendMessage "HTTP/1.1 200 OK"
2025-07-26 05:49:25,514 - httpx - INFO - HTTP Request: POST https://api.telegram.org/bot8404951013:AAEY34XTvR-TXe0_Nc8XcDTltZukWnb_Qao/getUpdates "HTTP/1.1 200 OK"
2025-07-26 05:49:25,861 - httpx - INFO - HTTP Request: POST https://api.telegram.org/bot8404951013:AAEY34XTvR-TXe0_Nc8XcDTltZukWnb_Qao/sendMessage "HTTP/1.1 200 OK"
2025-07-26 05:49:35,624 - httpx - INFO - HTTP Request: POST https://api.telegram.org/bot8404951013:AAEY34XTvR-TXe0_Nc8XcDTltZukWnb_Qao/getUpdates "HTTP/1.1 200 OK"
2025-07-26 05:49:45,730 - httpx - INFO - HTTP Request: POST https://api.telegram.org/bot8404951013:AAEY34XTvR-TXe0_Nc8XcDTltZukWnb_Qao/getUpdates "HTTP/1.1 200 OK"
2025-07-26 05:49:55,836 - httpx - INFO - HTTP Request: POST https://api.telegram.org/bot8404951013:AAEY34XTvR-TXe0_Nc8XcDTltZukWnb_Qao/getUpdates "HTTP/1.1 200 OK"
2025-07-26 05:50:05,943 - httpx - INFO - HTTP Request: POST https://api.telegram.org/bot8404951013:AAEY34XTvR-TXe0_Nc8XcDTltZukWnb_Qao/getUpdates "HTTP/1.1 200 OK"
2025-07-26 05:50:16,048 - httpx - INFO - HTTP Request: POST https://api.telegram.org/bot8404951013:AAEY34XTvR-TXe0_Nc8XcDTltZukWnb_Qao/getUpdates "HTTP/1.1 200 OK"
2025-07-26 05:50:26,153 - httpx - INFO - HTTP Request: POST https://api.telegram.org/bot8404951013:AAEY34XTvR-TXe0_Nc8XcDTltZukWnb_Qao/getUpdates "HTTP/1.1 200 OK"
2025-07-26 05:50:36,260 - httpx - INFO - HTTP Request: POST https://api.telegram.org/bot8404951013:AAEY34XTvR-TXe0_Nc8XcDTltZukWnb_Qao/getUpdates "HTTP/1.1 200 OK"
2025-07-26 05:50:46,366 - httpx - INFO - HTTP Request: POST https://api.telegram.org/bot8404951013:AAEY34XTvR-TXe0_Nc8XcDTltZukWnb_Qao/getUpdates "HTTP/1.1 200 OK"
2025-07-26 05:50:56,472 - httpx - INFO - HTTP Request: POST https://api.telegram.org/bot8404951013:AAEY34XTvR-TXe0_Nc8XcDTltZukWnb_Qao/getUpdates "HTTP/1.1 200 OK"
2025-07-26 05:51:00,674 - httpx - INFO - HTTP Request: POST https://api.telegram.org/bot8404951013:AAEY34XTvR-TXe0_Nc8XcDTltZukWnb_Qao/getUpdates "HTTP/1.1 200 OK"
2025-07-26 05:51:00,675 - telegram.ext.Application - INFO - Application is stopping. This might take a moment.
2025-07-26 05:51:00,675 - telegram.ext.Application - INFO - Application.stop() complete
2025-07-26 05:51:01,502 - bot_handlers - INFO - Bot handlers setup complete
2025-07-26 05:51:01,503 - __main__ - INFO - Starting Telegram File Storage Bot...
2025-07-26 05:51:01,844 - httpx - INFO - HTTP Request: POST https://api.telegram.org/bot8404951013:AAEY34XTvR-TXe0_Nc8XcDTltZukWnb_Qao/getMe "HTTP/1.1 200 OK"
2025-07-26 05:51:01,949 - httpx - INFO - HTTP Request: POST https://api.telegram.org/bot8404951013:AAEY34XTvR-TXe0_Nc8XcDTltZukWnb_Qao/deleteWebhook "HTTP/1.1 200 OK"
2025-07-26 05:51:01,951 - telegram.ext.Application - INFO - Application started
2025-07-26 05:51:05,685 - httpx - INFO - HTTP Request: POST https://api.telegram.org/bot8404951013:AAEY34XTvR-TXe0_Nc8XcDTltZukWnb_Qao/getUpdates "HTTP/1.1 200 OK"
2025-07-26 05:51:05,686 - telegram.ext.Application - INFO - Application is stopping. This might take a moment.
2025-07-26 05:51:05,686 - telegram.ext.Application - INFO - Application.stop() complete
2025-07-26 05:51:06,114 - bot_handlers - INFO - Bot handlers setup complete
2025-07-26 05:51:06,115 - __main__ - INFO - Starting Telegram File Storage Bot...
2025-07-26 05:51:06,436 - httpx - INFO - HTTP Request: POST https://api.telegram.org/bot8404951013:AAEY34XTvR-TXe0_Nc8XcDTltZukWnb_Qao/getMe "HTTP/1.1 200 OK"
2025-07-26 05:51:06,541 - httpx - INFO - HTTP Request: POST https://api.telegram.org/bot8404951013:AAEY34XTvR-TXe0_Nc8XcDTltZukWnb_Qao/deleteWebhook "HTTP/1.1 200 OK"
2025-07-26 05:51:06,543 - telegram.ext.Application - INFO - Application started
2025-07-26 05:51:16,856 - httpx - INFO - HTTP Request: POST https://api.telegram.org/bot8404951013:AAEY34XTvR-TXe0_Nc8XcDTltZukWnb_Qao/getUpdates "HTTP/1.1 200 OK"
2025-07-26 05:51:26,962 - httpx - INFO - HTTP Request: POST https://api.telegram.org/bot8404951013:AAEY34XTvR-TXe0_Nc8XcDTltZukWnb_Qao/getUpdates "HTTP/1.1 200 OK"
2025-07-26 05:51:37,068 - httpx - INFO - HTTP Request: POST https://api.telegram.org/bot8404951013:AAEY34XTvR-TXe0_Nc8XcDTltZukWnb_Qao/getUpdates "HTTP/1.1 200 OK"
2025-07-26 05:51:47,173 - httpx - INFO - HTTP Request: POST https://api.telegram.org/bot8404951013:AAEY34XTvR-TXe0_Nc8XcDTltZukWnb_Qao/getUpdates "HTTP/1.1 200 OK"
2025-07-26 05:51:57,278 - httpx - INFO - HTTP Request: POST https://api.telegram.org/bot8404951013:AAEY34XTvR-TXe0_Nc8XcDTltZukWnb_Qao/getUpdates "HTTP/1.1 200 OK"
2025-07-26 05:52:07,384 - httpx - INFO - HTTP Request: POST https://api.telegram.org/bot8404951013:AAEY34XTvR-TXe0_Nc8XcDTltZukWnb_Qao/getUpdates "HTTP/1.1 200 OK"
2025-07-26 05:52:11,765 - httpx - INFO - HTTP Request: POST https://api.telegram.org/bot8404951013:AAEY34XTvR-TXe0_Nc8XcDTltZukWnb_Qao/getUpdates "HTTP/1.1 200 OK"
2025-07-26 05:52:12,304 - httpx - INFO - HTTP Request: POST https://api.telegram.org/bot8404951013:AAEY34XTvR-TXe0_Nc8XcDTltZukWnb_Qao/sendMessage "HTTP/1.1 200 OK"
2025-07-26 05:52:21,871 - httpx - INFO - HTTP Request: POST https://api.telegram.org/bot8404951013:AAEY34XTvR-TXe0_Nc8XcDTltZukWnb_Qao/getUpdates "HTTP/1.1 200 OK"
2025-07-26 05:52:25,043 - httpx - INFO - HTTP Request: POST https://api.telegram.org/bot8404951013:AAEY34XTvR-TXe0_Nc8XcDTltZukWnb_Qao/getUpdates "HTTP/1.1 200 OK"
2025-07-26 05:52:25,553 - httpx - INFO - HTTP Request: POST https://api.telegram.org/bot8404951013:AAEY34XTvR-TXe0_Nc8XcDTltZukWnb_Qao/sendMessage "HTTP/1.1 200 OK"
2025-07-26 05:52:35,150 - httpx - INFO - HTTP Request: POST https://api.telegram.org/bot8404951013:AAEY34XTvR-TXe0_Nc8XcDTltZukWnb_Qao/getUpdates "HTTP/1.1 200 OK"
2025-07-26 05:52:45,256 - httpx - INFO - HTTP Request: POST https://api.telegram.org/bot8404951013:AAEY34XTvR-TXe0_Nc8XcDTltZukWnb_Qao/getUpdates "HTTP/1.1 200 OK"
2025-07-26 05:52:55,361 - httpx - INFO - HTTP Request: POST https://api.telegram.org/bot8404951013:AAEY34XTvR-TXe0_Nc8XcDTltZukWnb_Qao/getUpdates "HTTP/1.1 200 OK"
2025-07-26 05:53:05,466 - httpx - INFO - HTTP Request: POST https://api.telegram.org/bot8404951013:AAEY34XTvR-TXe0_Nc8XcDTltZukWnb_Qao/getUpdates "HTTP/1.1 200 OK"
2025-07-26 05:53:15,572 - httpx - INFO - HTTP Request: POST https://api.telegram.org/bot8404951013:AAEY34XTvR-TXe0_Nc8XcDTltZukWnb_Qao/getUpdates "HTTP/1.1 200 OK"
2025-07-26 05:53:25,677 - httpx - INFO - HTTP Request: POST https://api.telegram.org/bot8404951013:AAEY34XTvR-TXe0_Nc8XcDTltZukWnb_Qao/getUpdates "HTTP/1.1 200 OK"
2025-07-26 05:53:29,419 - httpx - INFO - HTTP Request: POST https://api.telegram.org/bot8404951013:AAEY34XTvR-TXe0_Nc8XcDTltZukWnb_Qao/getUpdates "HTTP/1.1 200 OK"
2025-07-26 05:53:29,935 - httpx - INFO - HTTP Request: POST https://api.telegram.org/bot8404951013:AAEY34XTvR-TXe0_Nc8XcDTltZukWnb_Qao/sendMessage "HTTP/1.1 200 OK"
2025-07-26 05:53:30,032 - database - INFO - Added file record: AQMuNee6yU_bppKqrSWUBrKQKOSjfGvbEi3hCTO3ZI32sNCMpPtZcQnOjv9xjpv9ZKEljVWv3Sb.gif for user 6300568870
2025-07-26 05:53:30,319 - httpx - INFO - HTTP Request: POST https://api.telegram.org/bot8404951013:AAEY34XTvR-TXe0_Nc8XcDTltZukWnb_Qao/editMessageText "HTTP/1.1 200 OK"
2025-07-26 05:53:30,320 - bot_handlers - INFO - File uploaded successfully: AQMuNee6yU_bppKqrSWUBrKQKOSjfGvbEi3hCTO3ZI32sNCMpPtZcQnOjv9xjpv9ZKEljVWv3Sb.gif by user 6300568870
2025-07-26 05:53:39,533 - httpx - INFO - HTTP Request: POST https://api.telegram.org/bot8404951013:AAEY34XTvR-TXe0_Nc8XcDTltZukWnb_Qao/getUpdates "HTTP/1.1 200 OK"
2025-07-26 05:53:43,330 - httpx - INFO - HTTP Request: POST https://api.telegram.org/bot8404951013:AAEY34XTvR-TXe0_Nc8XcDTltZukWnb_Qao/getUpdates "HTTP/1.1 200 OK"
2025-07-26 05:53:43,837 - httpx - INFO - HTTP Request: POST https://api.telegram.org/bot8404951013:AAEY34XTvR-TXe0_Nc8XcDTltZukWnb_Qao/sendMessage "HTTP/1.1 200 OK"
2025-07-26 05:53:50,603 - httpx - INFO - HTTP Request: POST https://api.telegram.org/bot8404951013:AAEY34XTvR-TXe0_Nc8XcDTltZukWnb_Qao/getUpdates "HTTP/1.1 200 OK"
2025-07-26 05:53:51,109 - httpx - INFO - HTTP Request: POST https://api.telegram.org/bot8404951013:AAEY34XTvR-TXe0_Nc8XcDTltZukWnb_Qao/sendMessage "HTTP/1.1 200 OK"
2025-07-26 05:54:00,710 - httpx - INFO - HTTP Request: POST https://api.telegram.org/bot8404951013:AAEY34XTvR-TXe0_Nc8XcDTltZukWnb_Qao/getUpdates "HTTP/1.1 200 OK"
2025-07-26 05:54:10,815 - httpx - INFO - HTTP Request: POST https://api.telegram.org/bot8404951013:AAEY34XTvR-TXe0_Nc8XcDTltZukWnb_Qao/getUpdates "HTTP/1.1 200 OK"
2025-07-26 05:54:20,920 - httpx - INFO - HTTP Request: POST https://api.telegram.org/bot8404951013:AAEY34XTvR-TXe0_Nc8XcDTltZukWnb_Qao/getUpdates "HTTP/1.1 200 OK"
2025-07-26 05:54:30,720 - httpx - INFO - HTTP Request: POST https://api.telegram.org/bot8404951013:AAEY34XTvR-TXe0_Nc8XcDTltZukWnb_Qao/getUpdates "HTTP/1.1 200 OK"
2025-07-26 05:54:31,244 - httpx - INFO - HTTP Request: POST https://api.telegram.org/bot8404951013:AAEY34XTvR-TXe0_Nc8XcDTltZukWnb_Qao/sendMessage "HTTP/1.1 200 OK"
2025-07-26 05:54:40,827 - httpx - INFO - HTTP Request: POST https://api.telegram.org/bot8404951013:AAEY34XTvR-TXe0_Nc8XcDTltZukWnb_Qao/getUpdates "HTTP/1.1 200 OK"
2025-07-26 05:54:41,715 - httpx - INFO - HTTP Request: POST https://api.telegram.org/bot8404951013:AAEY34XTvR-TXe0_Nc8XcDTltZukWnb_Qao/getUpdates "HTTP/1.1 200 OK"
2025-07-26 05:54:42,242 - httpx - INFO - HTTP Request: POST https://api.telegram.org/bot8404951013:AAEY34XTvR-TXe0_Nc8XcDTltZukWnb_Qao/sendMessage "HTTP/1.1 200 OK"
2025-07-26 05:54:42,297 - database - INFO - Added file record: Pinocchio Episode 1 720P Tamil Dubbed.mkv for user 6300568870
2025-07-26 05:54:42,584 - httpx - INFO - HTTP Request: POST https://api.telegram.org/bot8404951013:AAEY34XTvR-TXe0_Nc8XcDTltZukWnb_Qao/editMessageText "HTTP/1.1 200 OK"
2025-07-26 05:54:42,585 - bot_handlers - INFO - File uploaded successfully: Pinocchio Episode 1 720P Tamil Dubbed.mkv by user 6300568870
2025-07-26 05:54:51,823 - httpx - INFO - HTTP Request: POST https://api.telegram.org/bot8404951013:AAEY34XTvR-TXe0_Nc8XcDTltZukWnb_Qao/getUpdates "HTTP/1.1 200 OK"
2025-07-26 05:54:54,722 - httpx - INFO - HTTP Request: POST https://api.telegram.org/bot8404951013:AAEY34XTvR-TXe0_Nc8XcDTltZukWnb_Qao/getUpdates "HTTP/1.1 200 OK"
2025-07-26 05:54:55,040 - httpx - INFO - HTTP Request: POST https://api.telegram.org/bot8404951013:AAEY34XTvR-TXe0_Nc8XcDTltZukWnb_Qao/sendMessage "HTTP/1.1 400 Bad Request"
2025-07-26 05:54:55,041 - bot_handlers - ERROR - Error listing files: Can't parse entities: can't find end of the entity starting at byte offset 197
2025-07-26 05:54:55,335 - httpx - INFO - HTTP Request: POST https://api.telegram.org/bot8404951013:AAEY34XTvR-TXe0_Nc8XcDTltZukWnb_Qao/sendMessage "HTTP/1.1 200 OK"
2025-07-26 05:54:59,999 - httpx - INFO - HTTP Request: POST https://api.telegram.org/bot8404951013:AAEY34XTvR-TXe0_Nc8XcDTltZukWnb_Qao/getUpdates "HTTP/1.1 200 OK"
2025-07-26 05:55:00,109 - httpx - INFO - HTTP Request: POST https://api.telegram.org/bot8404951013:AAEY34XTvR-TXe0_Nc8XcDTltZukWnb_Qao/sendMessage "HTTP/1.1 400 Bad Request"
2025-07-26 05:55:00,109 - bot_handlers - ERROR - Error in stats command: Can't parse entities: can't find end of the entity starting at byte offset 319
2025-07-26 05:55:00,415 - httpx - INFO - HTTP Request: POST https://api.telegram.org/bot8404951013:AAEY34XTvR-TXe0_Nc8XcDTltZukWnb_Qao/sendMessage "HTTP/1.1 200 OK"
2025-07-26 05:55:09,781 - httpx - INFO - HTTP Request: POST https://api.telegram.org/bot8404951013:AAEY34XTvR-TXe0_Nc8XcDTltZukWnb_Qao/getUpdates "HTTP/1.1 200 OK"
2025-07-26 05:55:10,283 - httpx - INFO - HTTP Request: POST https://api.telegram.org/bot8404951013:AAEY34XTvR-TXe0_Nc8XcDTltZukWnb_Qao/sendMessage "HTTP/1.1 200 OK"
2025-07-26 05:55:17,059 - httpx - INFO - HTTP Request: POST https://api.telegram.org/bot8404951013:AAEY34XTvR-TXe0_Nc8XcDTltZukWnb_Qao/getUpdates "HTTP/1.1 200 OK"
2025-07-26 05:55:17,377 - httpx - INFO - HTTP Request: POST https://api.telegram.org/bot8404951013:AAEY34XTvR-TXe0_Nc8XcDTltZukWnb_Qao/sendMessage "HTTP/1.1 400 Bad Request"
2025-07-26 05:55:17,377 - bot_handlers - ERROR - Error listing files: Can't parse entities: can't find end of the entity starting at byte offset 197
2025-07-26 05:55:17,679 - httpx - INFO - HTTP Request: POST https://api.telegram.org/bot8404951013:AAEY34XTvR-TXe0_Nc8XcDTltZukWnb_Qao/sendMessage "HTTP/1.1 200 OK"
2025-07-26 05:55:19,303 - httpx - INFO - HTTP Request: POST https://api.telegram.org/bot8404951013:AAEY34XTvR-TXe0_Nc8XcDTltZukWnb_Qao/getUpdates "HTTP/1.1 200 OK"
2025-07-26 05:55:19,641 - httpx - INFO - HTTP Request: POST https://api.telegram.org/bot8404951013:AAEY34XTvR-TXe0_Nc8XcDTltZukWnb_Qao/sendMessage "HTTP/1.1 200 OK"
2025-07-26 05:55:29,410 - httpx - INFO - HTTP Request: POST https://api.telegram.org/bot8404951013:AAEY34XTvR-TXe0_Nc8XcDTltZukWnb_Qao/getUpdates "HTTP/1.1 200 OK"
2025-07-26 05:55:39,516 - httpx - INFO - HTTP Request: POST https://api.telegram.org/bot8404951013:AAEY34XTvR-TXe0_Nc8XcDTltZukWnb_Qao/getUpdates "HTTP/1.1 200 OK"
2025-07-26 05:55:49,622 - httpx - INFO - HTTP Request: POST https://api.telegram.org/bot8404951013:AAEY34XTvR-TXe0_Nc8XcDTltZukWnb_Qao/getUpdates "HTTP/1.1 200 OK"
2025-07-26 05:55:59,727 - httpx - INFO - HTTP Request: POST https://api.telegram.org/bot8404951013:AAEY34XTvR-TXe0_Nc8XcDTltZukWnb_Qao/getUpdates "HTTP/1.1 200 OK"
2025-07-26 05:56:09,833 - httpx - INFO - HTTP Request: POST https://api.telegram.org/bot8404951013:AAEY34XTvR-TXe0_Nc8XcDTltZukWnb_Qao/getUpdates "HTTP/1.1 200 OK"
2025-07-26 05:56:19,938 - httpx - INFO - HTTP Request: POST https://api.telegram.org/bot8404951013:AAEY34XTvR-TXe0_Nc8XcDTltZukWnb_Qao/getUpdates "HTTP/1.1 200 OK"
2025-07-26 05:56:30,044 - httpx - INFO - HTTP Request: POST https://api.telegram.org/bot8404951013:AAEY34XTvR-TXe0_Nc8XcDTltZukWnb_Qao/getUpdates "HTTP/1.1 200 OK"
2025-07-26 05:56:40,150 - httpx - INFO - HTTP Request: POST https://api.telegram.org/bot8404951013:AAEY34XTvR-TXe0_Nc8XcDTltZukWnb_Qao/getUpdates "HTTP/1.1 200 OK"
2025-07-26 05:56:46,160 - bot_handlers - INFO - Bot handlers setup complete
2025-07-26 05:56:46,162 - __main__ - INFO - Starting Telegram File Storage Bot...
2025-07-26 05:56:46,500 - httpx - INFO - HTTP Request: POST https://api.telegram.org/bot8404951013:AAEY34XTvR-TXe0_Nc8XcDTltZukWnb_Qao/getMe "HTTP/1.1 200 OK"
2025-07-26 05:56:46,606 - httpx - INFO - HTTP Request: POST https://api.telegram.org/bot8404951013:AAEY34XTvR-TXe0_Nc8XcDTltZukWnb_Qao/deleteWebhook "HTTP/1.1 200 OK"
2025-07-26 05:56:46,608 - telegram.ext.Application - INFO - Application started
2025-07-26 05:56:56,923 - httpx - INFO - HTTP Request: POST https://api.telegram.org/bot8404951013:AAEY34XTvR-TXe0_Nc8XcDTltZukWnb_Qao/getUpdates "HTTP/1.1 200 OK"
2025-07-26 05:57:07,029 - httpx - INFO - HTTP Request: POST https://api.telegram.org/bot8404951013:AAEY34XTvR-TXe0_Nc8XcDTltZukWnb_Qao/getUpdates "HTTP/1.1 200 OK"
2025-07-26 05:57:17,136 - httpx - INFO - HTTP Request: POST https://api.telegram.org/bot8404951013:AAEY34XTvR-TXe0_Nc8XcDTltZukWnb_Qao/getUpdates "HTTP/1.1 200 OK"
2025-07-26 05:57:27,242 - httpx - INFO - HTTP Request: POST https://api.telegram.org/bot8404951013:AAEY34XTvR-TXe0_Nc8XcDTltZukWnb_Qao/getUpdates "HTTP/1.1 200 OK"
2025-07-26 05:57:37,349 - httpx - INFO - HTTP Request: POST https://api.telegram.org/bot8404951013:AAEY34XTvR-TXe0_Nc8XcDTltZukWnb_Qao/getUpdates "HTTP/1.1 200 OK"
2025-07-26 05:57:44,105 - httpx - INFO - HTTP Request: POST https://api.telegram.org/bot8404951013:AAEY34XTvR-TXe0_Nc8XcDTltZukWnb_Qao/getUpdates "HTTP/1.1 200 OK"
2025-07-26 05:57:44,604 - httpx - INFO - HTTP Request: POST https://api.telegram.org/bot8404951013:AAEY34XTvR-TXe0_Nc8XcDTltZukWnb_Qao/sendMessage "HTTP/1.1 200 OK"
2025-07-26 05:57:54,217 - httpx - INFO - HTTP Request: POST https://api.telegram.org/bot8404951013:AAEY34XTvR-TXe0_Nc8XcDTltZukWnb_Qao/getUpdates "HTTP/1.1 200 OK"
2025-07-26 05:58:04,330 - httpx - INFO - HTTP Request: POST https://api.telegram.org/bot8404951013:AAEY34XTvR-TXe0_Nc8XcDTltZukWnb_Qao/getUpdates "HTTP/1.1 200 OK"
2025-07-26 05:58:14,439 - httpx - INFO - HTTP Request: POST https://api.telegram.org/bot8404951013:AAEY34XTvR-TXe0_Nc8XcDTltZukWnb_Qao/getUpdates "HTTP/1.1 200 OK"
2025-07-26 05:58:24,547 - httpx - INFO - HTTP Request: POST https://api.telegram.org/bot8404951013:AAEY34XTvR-TXe0_Nc8XcDTltZukWnb_Qao/getUpdates "HTTP/1.1 200 OK"
2025-07-26 05:58:34,656 - httpx - INFO - HTTP Request: POST https://api.telegram.org/bot8404951013:AAEY34XTvR-TXe0_Nc8XcDTltZukWnb_Qao/getUpdates "HTTP/1.1 200 OK"
2025-07-26 05:58:44,762 - httpx - INFO - HTTP Request: POST https://api.telegram.org/bot8404951013:AAEY34XTvR-TXe0_Nc8XcDTltZukWnb_Qao/getUpdates "HTTP/1.1 200 OK"
2025-07-26 05:58:54,868 - httpx - INFO - HTTP Request: POST https://api.telegram.org/bot8404951013:AAEY34XTvR-TXe0_Nc8XcDTltZukWnb_Qao/getUpdates "HTTP/1.1 200 OK"
2025-07-26 05:59:04,975 - httpx - INFO - HTTP Request: POST https://api.telegram.org/bot8404951013:AAEY34XTvR-TXe0_Nc8XcDTltZukWnb_Qao/getUpdates "HTTP/1.1 200 OK"
2025-07-26 05:59:15,081 - httpx - INFO - HTTP Request: POST https://api.telegram.org/bot8404951013:AAEY34XTvR-TXe0_Nc8XcDTltZukWnb_Qao/getUpdates "HTTP/1.1 200 OK"
2025-07-26 05:59:25,187 - httpx - INFO - HTTP Request: POST https://api.telegram.org/bot8404951013:AAEY34XTvR-TXe0_Nc8XcDTltZukWnb_Qao/getUpdates "HTTP/1.1 200 OK"
2025-07-26 05:59:35,296 - httpx - INFO - HTTP Request: POST https://api.telegram.org/bot8404951013:AAEY34XTvR-TXe0_Nc8XcDTltZukWnb_Qao/getUpdates "HTTP/1.1 200 OK"
2025-07-26 05:59:45,403 - httpx - INFO - HTTP Request: POST https://api.telegram.org/bot8404951013:AAEY34XTvR-TXe0_Nc8XcDTltZukWnb_Qao/getUpdates "HTTP/1.1 200 OK"
2025-07-26 05:59:55,509 - httpx - INFO - HTTP Request: POST https://api.telegram.org/bot8404951013:AAEY34XTvR-TXe0_Nc8XcDTltZukWnb_Qao/getUpdates "HTTP/1.1 200 OK"
2025-07-26 06:00:05,621 - httpx - INFO - HTTP Request: POST https://api.telegram.org/bot8404951013:AAEY34XTvR-TXe0_Nc8XcDTltZukWnb_Qao/getUpdates "HTTP/1.1 200 OK"
2025-07-26 06:00:15,732 - httpx - INFO - HTTP Request: POST https://api.telegram.org/bot8404951013:AAEY34XTvR-TXe0_Nc8XcDTltZukWnb_Qao/getUpdates "HTTP/1.1 200 OK"
2025-07-26 06:00:25,845 - httpx - INFO - HTTP Request: POST https://api.telegram.org/bot8404951013:AAEY34XTvR-TXe0_Nc8XcDTltZukWnb_Qao/getUpdates "HTTP/1.1 200 OK"
2025-07-26 06:00:35,953 - httpx - INFO - HTTP Request: POST https://api.telegram.org/bot8404951013:AAEY34XTvR-TXe0_Nc8XcDTltZukWnb_Qao/getUpdates "HTTP/1.1 200 OK"
2025-07-26 06:00:46,067 - httpx - INFO - HTTP Request: POST https://api.telegram.org/bot8404951013:AAEY34XTvR-TXe0_Nc8XcDTltZukWnb_Qao/getUpdates "HTTP/1.1 200 OK"
2025-07-26 06:00:56,174 - httpx - INFO - HTTP Request: POST https://api.telegram.org/bot8404951013:AAEY34XTvR-TXe0_Nc8XcDTltZukWnb_Qao/getUpdates "HTTP/1.1 200 OK"
2025-07-26 06:01:06,283 - httpx - INFO - HTTP Request: POST https://api.telegram.org/bot8404951013:AAEY34XTvR-TXe0_Nc8XcDTltZukWnb_Qao/getUpdates "HTTP/1.1 200 OK"
2025-07-26 06:01:16,441 - httpx - INFO - HTTP Request: POST https://api.telegram.org/bot8404951013:AAEY34XTvR-TXe0_Nc8XcDTltZukWnb_Qao/getUpdates "HTTP/1.1 200 OK"
2025-07-26 06:01:26,548 - httpx - INFO - HTTP Request: POST https://api.telegram.org/bot8404951013:AAEY34XTvR-TXe0_Nc8XcDTltZukWnb_Qao/getUpdates "HTTP/1.1 200 OK"
2025-07-26 06:01:36,686 - httpx - INFO - HTTP Request: POST https://api.telegram.org/bot8404951013:AAEY34XTvR-TXe0_Nc8XcDTltZukWnb_Qao/getUpdates "HTTP/1.1 200 OK"
2025-07-26 06:01:46,792 - httpx - INFO - HTTP Request: POST https://api.telegram.org/bot8404951013:AAEY34XTvR-TXe0_Nc8XcDTltZukWnb_Qao/getUpdates "HTTP/1.1 200 OK"
2025-07-26 06:01:57,003 - httpx - INFO - HTTP Request: POST https://api.telegram.org/bot8404951013:AAEY34XTvR-TXe0_Nc8XcDTltZukWnb_Qao/getUpdates "HTTP/1.1 200 OK"
2025-07-26 06:02:01,386 - httpx - INFO - HTTP Request: POST https://api.telegram.org/bot8404951013:AAEY34XTvR-TXe0_Nc8XcDTltZukWnb_Qao/getUpdates "HTTP/1.1 200 OK"
2025-07-26 06:02:01,387 - telegram.ext.Application - INFO - Application is stopping. This might take a moment.
2025-07-26 06:02:01,387 - telegram.ext.Application - INFO - Application.stop() complete
2025-07-26 06:02:01,882 - bot_handlers - INFO - Bot handlers setup complete
2025-07-26 06:02:01,883 - __main__ - INFO - Starting Telegram File Storage Bot...
2025-07-26 06:02:02,210 - httpx - INFO - HTTP Request: POST https://api.telegram.org/bot8404951013:AAEY34XTvR-TXe0_Nc8XcDTltZukWnb_Qao/getMe "HTTP/1.1 200 OK"
2025-07-26 06:02:02,316 - httpx - INFO - HTTP Request: POST https://api.telegram.org/bot8404951013:AAEY34XTvR-TXe0_Nc8XcDTltZukWnb_Qao/deleteWebhook "HTTP/1.1 200 OK"
2025-07-26 06:02:02,318 - telegram.ext.Application - INFO - Application started
2025-07-26 06:02:12,638 - httpx - INFO - HTTP Request: POST https://api.telegram.org/bot8404951013:AAEY34XTvR-TXe0_Nc8XcDTltZukWnb_Qao/getUpdates "HTTP/1.1 200 OK"
2025-07-26 06:02:22,745 - httpx - INFO - HTTP Request: POST https://api.telegram.org/bot8404951013:AAEY34XTvR-TXe0_Nc8XcDTltZukWnb_Qao/getUpdates "HTTP/1.1 200 OK"
2025-07-26 06:02:32,854 - httpx - INFO - HTTP Request: POST https://api.telegram.org/bot8404951013:AAEY34XTvR-TXe0_Nc8XcDTltZukWnb_Qao/getUpdates "HTTP/1.1 200 OK"
2025-07-26 06:02:42,960 - httpx - INFO - HTTP Request: POST https://api.telegram.org/bot8404951013:AAEY34XTvR-TXe0_Nc8XcDTltZukWnb_Qao/getUpdates "HTTP/1.1 200 OK"
2025-07-26 06:02:53,069 - httpx - INFO - HTTP Request: POST https://api.telegram.org/bot8404951013:AAEY34XTvR-TXe0_Nc8XcDTltZukWnb_Qao/getUpdates "HTTP/1.1 200 OK"
2025-07-26 06:03:03,175 - httpx - INFO - HTTP Request: POST https://api.telegram.org/bot8404951013:AAEY34XTvR-TXe0_Nc8XcDTltZukWnb_Qao/getUpdates "HTTP/1.1 200 OK"
2025-07-26 06:03:13,283 - httpx - INFO - HTTP Request: POST https://api.telegram.org/bot8404951013:AAEY34XTvR-TXe0_Nc8XcDTltZukWnb_Qao/getUpdates "HTTP/1.1 200 OK"
2025-07-26 06:03:23,410 - httpx - INFO - HTTP Request: POST https://api.telegram.org/bot8404951013:AAEY34XTvR-TXe0_Nc8XcDTltZukWnb_Qao/getUpdates "HTTP/1.1 200 OK"
2025-07-26 06:03:33,520 - httpx - INFO - HTTP Request: POST https://api.telegram.org/bot8404951013:AAEY34XTvR-TXe0_Nc8XcDTltZukWnb_Qao/getUpdates "HTTP/1.1 200 OK"
2025-07-26 06:03:43,631 - httpx - INFO - HTTP Request: POST https://api.telegram.org/bot8404951013:AAEY34XTvR-TXe0_Nc8XcDTltZukWnb_Qao/getUpdates "HTTP/1.1 200 OK"
2025-07-26 06:03:53,739 - httpx - INFO - HTTP Request: POST https://api.telegram.org/bot8404951013:AAEY34XTvR-TXe0_Nc8XcDTltZukWnb_Qao/getUpdates "HTTP/1.1 200 OK"
2025-07-26 06:04:03,844 - httpx - INFO - HTTP Request: POST https://api.telegram.org/bot8404951013:AAEY34XTvR-TXe0_Nc8XcDTltZukWnb_Qao/getUpdates "HTTP/1.1 200 OK"
2025-07-26 06:04:12,172 - httpx - INFO - HTTP Request: POST https://api.telegram.org/bot8404951013:AAEY34XTvR-TXe0_Nc8XcDTltZukWnb_Qao/getUpdates "HTTP/1.1 200 OK"
2025-07-26 06:04:12,680 - httpx - INFO - HTTP Request: POST https://api.telegram.org/bot8404951013:AAEY34XTvR-TXe0_Nc8XcDTltZukWnb_Qao/sendMessage "HTTP/1.1 200 OK"
2025-07-26 06:04:22,281 - httpx - INFO - HTTP Request: POST https://api.telegram.org/bot8404951013:AAEY34XTvR-TXe0_Nc8XcDTltZukWnb_Qao/getUpdates "HTTP/1.1 200 OK"
2025-07-26 06:04:32,388 - httpx - INFO - HTTP Request: POST https://api.telegram.org/bot8404951013:AAEY34XTvR-TXe0_Nc8XcDTltZukWnb_Qao/getUpdates "HTTP/1.1 200 OK"
2025-07-26 06:04:42,498 - httpx - INFO - HTTP Request: POST https://api.telegram.org/bot8404951013:AAEY34XTvR-TXe0_Nc8XcDTltZukWnb_Qao/getUpdates "HTTP/1.1 200 OK"
2025-07-26 06:04:52,605 - httpx - INFO - HTTP Request: POST https://api.telegram.org/bot8404951013:AAEY34XTvR-TXe0_Nc8XcDTltZukWnb_Qao/getUpdates "HTTP/1.1 200 OK"
2025-07-26 06:05:02,715 - httpx - INFO - HTTP Request: POST https://api.telegram.org/bot8404951013:AAEY34XTvR-TXe0_Nc8XcDTltZukWnb_Qao/getUpdates "HTTP/1.1 200 OK"
2025-07-26 06:05:12,822 - httpx - INFO - HTTP Request: POST https://api.telegram.org/bot8404951013:AAEY34XTvR-TXe0_Nc8XcDTltZukWnb_Qao/getUpdates "HTTP/1.1 200 OK"
2025-07-26 06:05:22,929 - httpx - INFO - HTTP Request: POST https://api.telegram.org/bot8404951013:AAEY34XTvR-TXe0_Nc8XcDTltZukWnb_Qao/getUpdates "HTTP/1.1 200 OK"
2025-07-26 06:05:33,038 - httpx - INFO - HTTP Request: POST https://api.telegram.org/bot8404951013:AAEY34XTvR-TXe0_Nc8XcDTltZukWnb_Qao/getUpdates "HTTP/1.1 200 OK"
2025-07-26 06:05:43,145 - httpx - INFO - HTTP Request: POST https://api.telegram.org/bot8404951013:AAEY34XTvR-TXe0_Nc8XcDTltZukWnb_Qao/getUpdates "HTTP/1.1 200 OK"
2025-07-26 06:05:53,265 - httpx - INFO - HTTP Request: POST https://api.telegram.org/bot8404951013:AAEY34XTvR-TXe0_Nc8XcDTltZukWnb_Qao/getUpdates "HTTP/1.1 200 OK"
2025-07-26 06:06:03,372 - httpx - INFO - HTTP Request: POST https://api.telegram.org/bot8404951013:AAEY34XTvR-TXe0_Nc8XcDTltZukWnb_Qao/getUpdates "HTTP/1.1 200 OK"
2025-07-26 06:06:13,482 - httpx - INFO - HTTP Request: POST https://api.telegram.org/bot8404951013:AAEY34XTvR-TXe0_Nc8XcDTltZukWnb_Qao/getUpdates "HTTP/1.1 200 OK"
2025-07-26 06:06:23,588 - httpx - INFO - HTTP Request: POST https://api.telegram.org/bot8404951013:AAEY34XTvR-TXe0_Nc8XcDTltZukWnb_Qao/getUpdates "HTTP/1.1 200 OK"
2025-07-26 06:06:33,700 - httpx - INFO - HTTP Request: POST https://api.telegram.org/bot8404951013:AAEY34XTvR-TXe0_Nc8XcDTltZukWnb_Qao/getUpdates "HTTP/1.1 200 OK"
2025-07-26 06:06:43,806 - httpx - INFO - HTTP Request: POST https://api.telegram.org/bot8404951013:AAEY34XTvR-TXe0_Nc8XcDTltZukWnb_Qao/getUpdates "HTTP/1.1 200 OK"
2025-07-26 06:06:53,916 - httpx - INFO - HTTP Request: POST https://api.telegram.org/bot8404951013:AAEY34XTvR-TXe0_Nc8XcDTltZukWnb_Qao/getUpdates "HTTP/1.1 200 OK"
2025-07-26 06:07:04,023 - httpx - INFO - HTTP Request: POST https://api.telegram.org/bot8404951013:AAEY34XTvR-TXe0_Nc8XcDTltZukWnb_Qao/getUpdates "HTTP/1.1 200 OK"
2025-07-26 06:07:14,133 - httpx - INFO - HTTP Request: POST https://api.telegram.org/bot8404951013:AAEY34XTvR-TXe0_Nc8XcDTltZukWnb_Qao/getUpdates "HTTP/1.1 200 OK"
2025-07-26 06:07:24,240 - httpx - INFO - HTTP Request: POST https://api.telegram.org/bot8404951013:AAEY34XTvR-TXe0_Nc8XcDTltZukWnb_Qao/getUpdates "HTTP/1.1 200 OK"
2025-07-26 06:07:34,347 - httpx - INFO - HTTP Request: POST https://api.telegram.org/bot8404951013:AAEY34XTvR-TXe0_Nc8XcDTltZukWnb_Qao/getUpdates "HTTP/1.1 200 OK"
